[23Dec2024 00:03:38.297] [Server thread/INFO] [net.minecraft.server.MinecraftServer/]: Aleslug has completed the challenge [Death finds a Way]
[23Dec2024 00:07:01.282] [Server thread/INFO] [net.minecraft.server.MinecraftServer/]: <Aleslug> xd
[23Dec2024 00:07:10.610] [Server thread/INFO] [net.minecraft.server.MinecraftServer/]: <Aleslug> te la metieron
[23Dec2024 00:07:30.639] [Server thread/ERROR] [net.minecraft.Util/]: Invalid entity rotation: NaN, discarding.
[23Dec2024 00:08:15.851] [Server thread/WARN] [net.minecraft.server.network.ServerGamePacketListenerImpl/]: Bumblebee (vehicle of Aleslug) moved too quickly! -8.54941389987016,-0.1902610748174709,16.44620943090331
[23Dec2024 00:08:15.852] [Server thread/WARN] [net.minecraft.server.network.ServerGamePacketListenerImpl/]: Bumblebee (vehicle of Aleslug) moved too quickly! -9.149801071973116,-0.20082014794655834,17.626387171402257
[23Dec2024 00:08:15.853] [Server thread/WARN] [net.minecraft.server.network.ServerGamePacketListenerImpl/]: Bumblebee (vehicle of Aleslug) moved too quickly! -9.756225464037016,-0.20730773240674694,18.803364344093552
[23Dec2024 00:08:15.853] [Server thread/WARN] [net.minecraft.server.network.ServerGamePacketListenerImpl/]: Bumblebee (vehicle of Aleslug) moved too quickly! -10.369271620448899,-0.20988505907322974,19.97677315142846
[23Dec2024 00:08:15.853] [Server thread/WARN] [net.minecraft.server.network.ServerGamePacketListenerImpl/]: Bumblebee (vehicle of Aleslug) moved too quickly! -10.988894852528347,-0.2084626339853628,21.146651071090673
[23Dec2024 00:08:15.854] [Server thread/WARN] [net.minecraft.server.network.ServerGamePacketListenerImpl/]: Bumblebee (vehicle of Aleslug) moved too quickly! -11.61438411777499,-0.2097613947901209,22.313381155597654
[23Dec2024 00:08:15.854] [Server thread/WARN] [net.minecraft.server.network.ServerGamePacketListenerImpl/]: Bumblebee (vehicle of Aleslug) moved too quickly! -12.244654060389848,-0.21270820408736313,23.477540799150574
[23Dec2024 00:08:15.855] [Server thread/WARN] [net.minecraft.server.network.ServerGamePacketListenerImpl/]: Bumblebee (vehicle of Aleslug) moved too quickly! -12.878052061741528,-0.2161901157260786,24.640052535204177
[23Dec2024 00:08:15.856] [Server thread/WARN] [net.minecraft.server.network.ServerGamePacketListenerImpl/]: Bumblebee (vehicle of Aleslug) moved too quickly! -13.512451673394025,-0.22235056198201164,25.802120266265774
[23Dec2024 00:08:33.281] [Server thread/WARN] [net.minecraft.server.network.ServerGamePacketListenerImpl/]: Bumblebee (vehicle of Aleslug) moved too quickly! -8.96819361968619,-0.2656915558851267,16.166704282305545
[23Dec2024 00:08:33.282] [Server thread/WARN] [net.minecraft.server.network.ServerGamePacketListenerImpl/]: Bumblebee (vehicle of Aleslug) moved too quickly! -9.558400360988571,-0.3029119753405496,17.349223182967762
[23Dec2024 00:08:33.283] [Server thread/WARN] [net.minecraft.server.network.ServerGamePacketListenerImpl/]: Bumblebee (vehicle of Aleslug) moved too quickly! -10.149378651481811,-0.3361234735869232,18.531736623525376
[23Dec2024 00:08:33.283] [Server thread/WARN] [net.minecraft.server.network.ServerGamePacketListenerImpl/]: Bumblebee (vehicle of Aleslug) moved too quickly! -10.743172229435231,-0.3644555908271343,19.713123470189203
[23Dec2024 00:08:33.283] [Server thread/WARN] [net.minecraft.server.network.ServerGamePacketListenerImpl/]: Bumblebee (vehicle of Aleslug) moved too quickly! -11.341208865162116,-0.3881015504578329,20.89257846041164
[23Dec2024 00:08:33.296] [Server thread/WARN] [net.minecraft.server.network.ServerGamePacketListenerImpl/]: Bumblebee (vehicle of Aleslug) moved too quickly! -11.944154167920033,-0.40916887636009847,22.069732131339606
[23Dec2024 00:08:33.300] [Server thread/WARN] [net.minecraft.server.network.ServerGamePacketListenerImpl/]: Bumblebee (vehicle of Aleslug) moved too quickly! -12.55168251912778,-0.4323967804949689,23.24469404579986
[23Dec2024 00:08:47.415] [Server thread/WARN] [net.minecraft.server.network.ServerGamePacketListenerImpl/]: Bumblebee (vehicle of Aleslug) moved too quickly! -8.173922601807817,-0.6504765454679102,16.650127799419806
[23Dec2024 00:08:47.416] [Server thread/WARN] [net.minecraft.server.network.ServerGamePacketListenerImpl/]: Bumblebee (vehicle of Aleslug) moved too quickly! -8.75777421639873,-0.696902620069892,17.839422642158297
[23Dec2024 00:08:47.416] [Server thread/WARN] [net.minecraft.server.network.ServerGamePacketListenerImpl/]: Bumblebee (vehicle of Aleslug) moved too quickly! -9.341625831001465,-0.7433248053858961,19.02871748489133
[23Dec2024 00:08:47.417] [Server thread/WARN] [net.minecraft.server.network.ServerGamePacketListenerImpl/]: Bumblebee (vehicle of Aleslug) moved too quickly! -9.92547744561466,-0.7897432554315742,20.218012327619817
[23Dec2024 00:08:47.417] [Server thread/WARN] [net.minecraft.server.network.ServerGamePacketListenerImpl/]: Bumblebee (vehicle of Aleslug) moved too quickly! -10.509329060237178,-0.8361581181235351,21.40730717034421
[23Dec2024 00:08:47.421] [Server thread/WARN] [net.minecraft.server.network.ServerGamePacketListenerImpl/]: Bumblebee (vehicle of Aleslug) moved too quickly! -11.093180674868108,-0.8825695355209291,22.596602013064967
[23Dec2024 00:09:16.357] [Server thread/WARN] [net.minecraft.server.network.ServerGamePacketListenerImpl/]: Bumblebee (vehicle of Aleslug) moved too quickly! -7.4853076096769655,-1.903328641535694,16.952381429340903
[23Dec2024 00:09:16.358] [Server thread/WARN] [net.minecraft.server.network.ServerGamePacketListenerImpl/]: Bumblebee (vehicle of Aleslug) moved too quickly! -8.002655382181047,-1.9372700885634515,18.124045491020297
[23Dec2024 00:09:16.358] [Server thread/WARN] [net.minecraft.server.network.ServerGamePacketListenerImpl/]: Bumblebee (vehicle of Aleslug) moved too quickly! -8.504557831246757,-1.8674753037508935,19.26072966172478
[23Dec2024 00:09:16.359] [Server thread/WARN] [net.minecraft.server.network.ServerGamePacketListenerImpl/]: Bumblebee (vehicle of Aleslug) moved too quickly! -8.992686140473097,-1.698052239939841,20.366218764758514
[23Dec2024 00:09:16.359] [Server thread/WARN] [net.minecraft.server.network.ServerGamePacketListenerImpl/]: Bumblebee (vehicle of Aleslug) moved too quickly! -9.46853067143661,-1.432946175116399,21.443888105641918
[23Dec2024 00:09:16.359] [Server thread/WARN] [net.minecraft.server.network.ServerGamePacketListenerImpl/]: Bumblebee (vehicle of Aleslug) moved too quickly! -9.933420528629767,-1.0759461543321152,22.49674778192457
[23Dec2024 00:09:16.360] [Server thread/WARN] [net.minecraft.server.network.ServerGamePacketListenerImpl/]: Bumblebee (vehicle of Aleslug) moved too quickly! -10.388541007472895,-0.6306911765253744,23.527482198678626
[23Dec2024 00:09:16.360] [Server thread/WARN] [net.minecraft.server.network.ServerGamePacketListenerImpl/]: Bumblebee (vehicle of Aleslug) moved too quickly! -10.83494915445226,-0.10067613634461736,24.538485308416284
[23Dec2024 00:09:16.367] [Server thread/WARN] [net.minecraft.server.network.ServerGamePacketListenerImpl/]: Bumblebee (vehicle of Aleslug) moved too quickly! -11.273587643651808,0.510742469324498,25.53189203804982
[23Dec2024 00:10:11.918] [User Authenticator #10/INFO] [net.minecraft.server.network.ServerLoginPacketListenerImpl/]: UUID of player jose_cl13 is bce4947b-f7ee-43e9-ad77-b8aac5d638fa
[23Dec2024 00:10:20.207] [Server thread/INFO] [net.minecraft.server.players.PlayerList/]: jose_cl13[/172.26.3.206:49784] logged in with entity id 207450 at (805.9246245519839, 64.0, -560.6040000121126)
[23Dec2024 00:10:20.208] [Server thread/INFO] [ModdingLegacy/blue_skies/]: Sending ToolHandleTypeManager to jose_cl13
[23Dec2024 00:10:20.208] [Server thread/INFO] [ModdingLegacy/blue_skies/]: Sending SnowcapOvenFreezingManager to jose_cl13
[23Dec2024 00:10:20.209] [Server thread/INFO] [ModdingLegacy/blue_skies/]: Sending HorizoniteForgeFuelManager to jose_cl13
[23Dec2024 00:10:20.209] [Server thread/INFO] [ModdingLegacy/blue_skies/]: Sending AlchemyRecipeManager to jose_cl13
[23Dec2024 00:10:20.211] [Server thread/INFO] [ModdingLegacy/blue_skies/]: Sending JournalEntryManager to jose_cl13
[23Dec2024 00:10:20.214] [Server thread/INFO] [ModdingLegacy/blue_skies/]: Sending JournalSectionManager to jose_cl13
[23Dec2024 00:10:20.215] [Server thread/INFO] [ModdingLegacy/blue_skies/]: Sending JournalRequirementManager to jose_cl13
[23Dec2024 00:10:20.241] [Server thread/INFO] [net.minecraft.server.MinecraftServer/]: jose_cl13 joined the game
[23Dec2024 00:10:26.380] [Server thread/INFO] [net.minecraft.server.MinecraftServer/]: Uskilla withered away
[23Dec2024 00:11:49.211] [Server thread/INFO] [net.minecraft.world.entity.LivingEntity/]: Named entity GhostPlayerEntity['Uskilla'/207647, l='ServerLevel[world]', x=757.49, y=67.00, z=-405.69] died: Uskilla was slain by Corpse Fly
[23Dec2024 00:12:54.374] [Server thread/INFO] [net.minecraft.server.MinecraftServer/]: jose_cl13 has made the advancement [Carbonated Swim]
[23Dec2024 00:15:37.213] [Server thread/INFO] [net.minecraft.server.MinecraftServer/]: jose_cl13 was slain by Zombie Bruiser
[23Dec2024 00:16:43.877] [Server thread/INFO] [net.minecraft.server.MinecraftServer/]: Lait_Estrok has completed the challenge [Cannibal]
[23Dec2024 00:24:51.110] [Server thread/WARN] [net.minecraft.server.MinecraftServer/]: Can't keep up! Is the server overloaded? Running 2008ms or 40 ticks behind
[23Dec2024 00:25:12.523] [Server thread/WARN] [net.minecraft.server.MinecraftServer/]: Can't keep up! Is the server overloaded? Running 6422ms or 128 ticks behind
[23Dec2024 00:25:31.476] [Server thread/WARN] [net.minecraft.server.MinecraftServer/]: Can't keep up! Is the server overloaded? Running 3975ms or 79 ticks behind
[23Dec2024 00:25:53.862] [Server thread/WARN] [net.minecraft.server.MinecraftServer/]: Can't keep up! Is the server overloaded? Running 2011ms or 40 ticks behind
[23Dec2024 00:27:40.428] [Server thread/WARN] [net.minecraft.server.MinecraftServer/]: Can't keep up! Is the server overloaded? Running 2026ms or 40 ticks behind
[23Dec2024 00:27:45.619] [Server thread/INFO] [net.minecraft.server.network.ServerGamePacketListenerImpl/]: jose_cl13 lost connection: Disconnected
[23Dec2024 00:27:45.620] [Server thread/INFO] [net.minecraft.server.MinecraftServer/]: jose_cl13 left the game
[23Dec2024 00:27:59.504] [Server thread/INFO] [net.minecraft.server.MinecraftServer/]: Aleslug has made the advancement [Fetch Me Their Souls!]
[23Dec2024 00:27:59.772] [Server thread/WARN] [net.minecraft.server.MinecraftServer/]: Can't keep up! Is the server overloaded? Running 4371ms or 87 ticks behind
[23Dec2024 00:28:41.513] [Server thread/WARN] [net.minecraft.server.MinecraftServer/]: Can't keep up! Is the server overloaded? Running 2062ms or 41 ticks behind
[23Dec2024 00:29:09.114] [Server thread/WARN] [net.minecraft.server.MinecraftServer/]: Can't keep up! Is the server overloaded? Running 12613ms or 252 ticks behind
[23Dec2024 00:29:26.812] [Server thread/WARN] [net.minecraft.server.MinecraftServer/]: Can't keep up! Is the server overloaded? Running 2711ms or 54 ticks behind
[23Dec2024 00:30:01.129] [Server thread/WARN] [net.minecraft.server.MinecraftServer/]: Can't keep up! Is the server overloaded? Running 2027ms or 40 ticks behind
[23Dec2024 00:30:19.670] [Server thread/WARN] [net.minecraft.server.MinecraftServer/]: Can't keep up! Is the server overloaded? Running 3568ms or 71 ticks behind
[23Dec2024 00:30:39.330] [Server thread/WARN] [net.minecraft.server.MinecraftServer/]: Can't keep up! Is the server overloaded? Running 2029ms or 40 ticks behind
[23Dec2024 00:31:01.021] [Server thread/WARN] [net.minecraft.server.MinecraftServer/]: Can't keep up! Is the server overloaded? Running 6719ms or 134 ticks behind
[23Dec2024 00:31:19.263] [Server thread/WARN] [net.minecraft.server.MinecraftServer/]: Can't keep up! Is the server overloaded? Running 3261ms or 65 ticks behind
[23Dec2024 00:31:39.202] [Server thread/WARN] [net.minecraft.server.MinecraftServer/]: Can't keep up! Is the server overloaded? Running 4950ms or 99 ticks behind
[23Dec2024 00:31:57.105] [Server thread/WARN] [net.minecraft.server.MinecraftServer/]: Can't keep up! Is the server overloaded? Running 2003ms or 40 ticks behind
[23Dec2024 00:32:20.039] [Server thread/WARN] [net.minecraft.server.MinecraftServer/]: Can't keep up! Is the server overloaded? Running 7937ms or 158 ticks behind
[23Dec2024 00:32:43.622] [Server thread/WARN] [net.minecraft.server.MinecraftServer/]: Can't keep up! Is the server overloaded? Running 8620ms or 172 ticks behind
[23Dec2024 00:33:09.082] [Server thread/WARN] [net.minecraft.server.MinecraftServer/]: Can't keep up! Is the server overloaded? Running 10480ms or 209 ticks behind
